# JRE version: Java(TM) SE Runtime Environment (7.0_55-b13) (build 1.7.0_55-b13)
# Java VM: Java HotSpot(TM) Client VM (24.55-b03 mixed mode windows-x86 )
Heap
 par new generation   total 314560K, used 199119K [0x047c0000, 0x19d10000, 0x19d10000)
  eden space 279616K,  66% used [0x047c0000, 0x0fe37338, 0x158d0000)
  from space 34944K,  35% used [0x17af0000, 0x186ecc20, 0x19d10000)
  to   space 34944K,   0% used [0x158d0000, 0x158d0000, 0x17af0000)
 concurrent mark-sweep generation total 699072K, used 77010K [0x19d10000, 0x447c0000, 0x447c0000)
 concurrent-mark-sweep perm gen total 40248K, used 24190K [0x447c0000, 0x46f0e000, 0x487c0000)
GC Heap History (10 events):
Event: 27.633 GC heap before
{Heap before GC invocations=10 (full 8):
 par new generation   total 314560K, used 262490K [0x047c0000, 0x19d10000, 0x19d10000)
  eden space 279616K,  93% used [0x047c0000, 0x14816ac8, 0x158d0000)
  from space 34944K,   0% used [0x17af0000, 0x17af0000, 0x19d10000)
  to   space 34944K,   0% used [0x158d0000, 0x158d0000, 0x17af0000)
 concurrent mark-sweep generation total 699072K, used 60693K [0x19d10000, 0x447c0000, 0x447c0000)
 concurrent-mark-sweep perm gen total 34776K, used 22062K [0x447c0000, 0x469b6000, 0x487c0000)
Event: 27.853 GC heap after
Heap after GC invocations=11 (full 9):
 par new generation   total 314560K, used 0K [0x047c0000, 0x19d10000, 0x19d10000)
  eden space 279616K,   0% used [0x047c0000, 0x047c0000, 0x158d0000)
  from space 34944K,   0% used [0x17af0000, 0x17af0000, 0x19d10000)
  to   space 34944K,   0% used [0x158d0000, 0x158d0000, 0x17af0000)
 concurrent mark-sweep generation total 699072K, used 80912K [0x19d10000, 0x447c0000, 0x447c0000)
 concurrent-mark-sweep perm gen total 36768K, used 22060K [0x447c0000, 0x46ba8000, 0x487c0000)
}
Event: 29.022 GC heap before
{Heap before GC invocations=11 (full 10):
 par new generation   total 314560K, used 277353K [0x047c0000, 0x19d10000, 0x19d10000)
  eden space 279616K,  99% used [0x047c0000, 0x1569a728, 0x158d0000)
  from space 34944K,   0% used [0x17af0000, 0x17af0000, 0x19d10000)
  to   space 34944K,   0% used [0x158d0000, 0x158d0000, 0x17af0000)
 concurrent mark-sweep generation total 699072K, used 80912K [0x19d10000, 0x447c0000, 0x447c0000)
 concurrent-mark-sweep perm gen total 36768K, used 23983K [0x447c0000, 0x46ba8000, 0x487c0000)
Event: 29.027 GC heap after
Heap after GC invocations=12 (full 10):
 par new generation   total 314560K, used 11641K [0x047c0000, 0x19d10000, 0x19d10000)
  eden space 279616K,   0% used [0x047c0000, 0x047c0000, 0x158d0000)
  from space 34944K,  33% used [0x158d0000, 0x1642e520, 0x17af0000)
  to   space 34944K,   0% used [0x17af0000, 0x17af0000, 0x19d10000)
 concurrent mark-sweep generation total 699072K, used 80912K [0x19d10000, 0x447c0000, 0x447c0000)
 concurrent-mark-sweep perm gen total 36768K, used 23983K [0x447c0000, 0x46ba8000, 0x487c0000)
}
Event: 33.134 GC heap before
{Heap before GC invocations=12 (full 10):
 par new generation   total 314560K, used 291257K [0x047c0000, 0x19d10000, 0x19d10000)
  eden space 279616K, 100% used [0x047c0000, 0x158d0000, 0x158d0000)
  from space 34944K,  33% used [0x158d0000, 0x1642e520, 0x17af0000)
  to   space 34944K,   0% used [0x17af0000, 0x17af0000, 0x19d10000)
 concurrent mark-sweep generation total 699072K, used 77087K [0x19d10000, 0x447c0000, 0x447c0000)
 concurrent-mark-sweep perm gen total 40120K, used 24079K [0x447c0000, 0x46eee000, 0x487c0000)
Event: 33.140 GC heap after
Heap after GC invocations=13 (full 10):
 par new generation   total 314560K, used 9840K [0x047c0000, 0x19d10000, 0x19d10000)
  eden space 279616K,   0% used [0x047c0000, 0x047c0000, 0x158d0000)
  from space 34944K,  28% used [0x17af0000, 0x1848c0c0, 0x19d10000)
  to   space 34944K,   0% used [0x158d0000, 0x158d0000, 0x17af0000)
 concurrent mark-sweep generation total 699072K, used 77087K [0x19d10000, 0x447c0000, 0x447c0000)
 concurrent-mark-sweep perm gen total 40120K, used 24079K [0x447c0000, 0x46eee000, 0x487c0000)
}
Event: 40.932 GC heap before
{Heap before GC invocations=13 (full 11):
 par new generation   total 314560K, used 289456K [0x047c0000, 0x19d10000, 0x19d10000)
  eden space 279616K, 100% used [0x047c0000, 0x158d0000, 0x158d0000)
  from space 34944K,  28% used [0x17af0000, 0x1848c0c0, 0x19d10000)
  to   space 34944K,   0% used [0x158d0000, 0x158d0000, 0x17af0000)
 concurrent mark-sweep generation total 699072K, used 77087K [0x19d10000, 0x447c0000, 0x447c0000)
 concurrent-mark-sweep perm gen total 40120K, used 24113K [0x447c0000, 0x46eee000, 0x487c0000)
Event: 40.939 GC heap after
Heap after GC invocations=14 (full 11):
 par new generation   total 314560K, used 11615K [0x047c0000, 0x19d10000, 0x19d10000)
  eden space 279616K,   0% used [0x047c0000, 0x047c0000, 0x158d0000)
  from space 34944K,  33% used [0x158d0000, 0x16427c90, 0x17af0000)
  to   space 34944K,   0% used [0x17af0000, 0x17af0000, 0x19d10000)
 concurrent mark-sweep generation total 699072K, used 77087K [0x19d10000, 0x447c0000, 0x447c0000)
 concurrent-mark-sweep perm gen total 40120K, used 24113K [0x447c0000, 0x46eee000, 0x487c0000)
}
Event: 48.727 GC heap before
{Heap before GC invocations=14 (full 11):
 par new generation   total 314560K, used 291231K [0x047c0000, 0x19d10000, 0x19d10000)
  eden space 279616K, 100% used [0x047c0000, 0x158d0000, 0x158d0000)
  from space 34944K,  33% used [0x158d0000, 0x16427c90, 0x17af0000)
  to   space 34944K,   0% used [0x17af0000, 0x17af0000, 0x19d10000)
 concurrent mark-sweep generation total 699072K, used 77010K [0x19d10000, 0x447c0000, 0x447c0000)
 concurrent-mark-sweep perm gen total 40248K, used 24190K [0x447c0000, 0x46f0e000, 0x487c0000)
Event: 48.733 GC heap after
Heap after GC invocations=15 (full 11):
 par new generation   total 314560K, used 12275K [0x047c0000, 0x19d10000, 0x19d10000)
  eden space 279616K,   0% used [0x047c0000, 0x047c0000, 0x158d0000)
  from space 34944K,  35% used [0x17af0000, 0x186ecc20, 0x19d10000)
  to   space 34944K,   0% used [0x158d0000, 0x158d0000, 0x17af0000)
 concurrent mark-sweep generation total 699072K, used 77010K [0x19d10000, 0x447c0000, 0x447c0000)
 concurrent-mark-sweep perm gen total 40248K, used 24190K [0x447c0000, 0x46f0e000, 0x487c0000)
}

