# JRE version: Java(TM) SE Runtime Environment (7.0_55-b13) (build 1.7.0_55-b13)
# Java VM: Java HotSpot(TM) Client VM (24.55-b03 mixed mode windows-x86 )
Heap
 par new generation   total 314560K, used 6134K [0x047c0000, 0x19d10000, 0x19d10000)
  eden space 279616K,   2% used [0x047c0000, 0x04dbd880, 0x158d0000)
  from space 34944K,   0% used [0x158d0000, 0x158d0000, 0x17af0000)
  to   space 34944K,   0% used [0x17af0000, 0x17af0000, 0x19d10000)
 concurrent mark-sweep generation total 699072K, used 85239K [0x19d10000, 0x447c0000, 0x447c0000)
 concurrent-mark-sweep perm gen total 40512K, used 24266K [0x447c0000, 0x46f50000, 0x487c0000)
GC Heap History (10 events):
Event: 44.862 GC heap before
{Heap before GC invocations=16 (full 12):
 par new generation   total 314560K, used 290637K [0x047c0000, 0x19d10000, 0x19d10000)
  eden space 279616K, 100% used [0x047c0000, 0x158d0000, 0x158d0000)
  from space 34944K,  31% used [0x158d0000, 0x163934a8, 0x17af0000)
  to   space 34944K,   0% used [0x17af0000, 0x17af0000, 0x19d10000)
 concurrent mark-sweep generation total 699072K, used 77071K [0x19d10000, 0x447c0000, 0x447c0000)
 concurrent-mark-sweep perm gen total 40384K, used 24192K [0x447c0000, 0x46f30000, 0x487c0000)
Event: 44.871 GC heap after
Heap after GC invocations=17 (full 12):
 par new generation   total 314560K, used 13338K [0x047c0000, 0x19d10000, 0x19d10000)
  eden space 279616K,   0% used [0x047c0000, 0x047c0000, 0x158d0000)
  from space 34944K,  38% used [0x17af0000, 0x187f68c0, 0x19d10000)
  to   space 34944K,   0% used [0x158d0000, 0x158d0000, 0x17af0000)
 concurrent mark-sweep generation total 699072K, used 77071K [0x19d10000, 0x447c0000, 0x447c0000)
 concurrent-mark-sweep perm gen total 40384K, used 24192K [0x447c0000, 0x46f30000, 0x487c0000)
}
Event: 50.627 GC heap before
{Heap before GC invocations=17 (full 13):
 par new generation   total 314560K, used 292954K [0x047c0000, 0x19d10000, 0x19d10000)
  eden space 279616K, 100% used [0x047c0000, 0x158d0000, 0x158d0000)
  from space 34944K,  38% used [0x17af0000, 0x187f68c0, 0x19d10000)
  to   space 34944K,   0% used [0x158d0000, 0x158d0000, 0x17af0000)
 concurrent mark-sweep generation total 699072K, used 77071K [0x19d10000, 0x447c0000, 0x447c0000)
 concurrent-mark-sweep perm gen total 40384K, used 24192K [0x447c0000, 0x46f30000, 0x487c0000)
Event: 50.638 GC heap after
Heap after GC invocations=18 (full 13):
 par new generation   total 314560K, used 11616K [0x047c0000, 0x19d10000, 0x19d10000)
  eden space 279616K,   0% used [0x047c0000, 0x047c0000, 0x158d0000)
  from space 34944K,  33% used [0x158d0000, 0x16428178, 0x17af0000)
  to   space 34944K,   0% used [0x17af0000, 0x17af0000, 0x19d10000)
 concurrent mark-sweep generation total 699072K, used 80692K [0x19d10000, 0x447c0000, 0x447c0000)
 concurrent-mark-sweep perm gen total 40384K, used 24192K [0x447c0000, 0x46f30000, 0x487c0000)
}
Event: 57.254 GC heap before
{Heap before GC invocations=18 (full 13):
 par new generation   total 314560K, used 291232K [0x047c0000, 0x19d10000, 0x19d10000)
  eden space 279616K, 100% used [0x047c0000, 0x158d0000, 0x158d0000)
  from space 34944K,  33% used [0x158d0000, 0x16428178, 0x17af0000)
  to   space 34944K,   0% used [0x17af0000, 0x17af0000, 0x19d10000)
 concurrent mark-sweep generation total 699072K, used 80660K [0x19d10000, 0x447c0000, 0x447c0000)
 concurrent-mark-sweep perm gen total 40384K, used 24203K [0x447c0000, 0x46f30000, 0x487c0000)
Event: 57.262 GC heap after
Heap after GC invocations=19 (full 13):
 par new generation   total 314560K, used 5173K [0x047c0000, 0x19d10000, 0x19d10000)
  eden space 279616K,   0% used [0x047c0000, 0x047c0000, 0x158d0000)
  from space 34944K,  14% used [0x17af0000, 0x17ffd518, 0x19d10000)
  to   space 34944K,   0% used [0x158d0000, 0x158d0000, 0x17af0000)
 concurrent mark-sweep generation total 699072K, used 84181K [0x19d10000, 0x447c0000, 0x447c0000)
 concurrent-mark-sweep perm gen total 40384K, used 24203K [0x447c0000, 0x46f30000, 0x487c0000)
}
Event: 62.277 GC heap before
{Heap before GC invocations=19 (full 14):
 par new generation   total 314560K, used 284789K [0x047c0000, 0x19d10000, 0x19d10000)
  eden space 279616K, 100% used [0x047c0000, 0x158d0000, 0x158d0000)
  from space 34944K,  14% used [0x17af0000, 0x17ffd518, 0x19d10000)
  to   space 34944K,   0% used [0x158d0000, 0x158d0000, 0x17af0000)
 concurrent mark-sweep generation total 699072K, used 84181K [0x19d10000, 0x447c0000, 0x447c0000)
 concurrent-mark-sweep perm gen total 40384K, used 24248K [0x447c0000, 0x46f30000, 0x487c0000)
Event: 62.282 GC heap after
Heap after GC invocations=20 (full 14):
 par new generation   total 314560K, used 4371K [0x047c0000, 0x19d10000, 0x19d10000)
  eden space 279616K,   0% used [0x047c0000, 0x047c0000, 0x158d0000)
  from space 34944K,  12% used [0x158d0000, 0x15d14c18, 0x17af0000)
  to   space 34944K,   0% used [0x17af0000, 0x17af0000, 0x19d10000)
 concurrent mark-sweep generation total 699072K, used 84476K [0x19d10000, 0x447c0000, 0x447c0000)
 concurrent-mark-sweep perm gen total 40384K, used 24248K [0x447c0000, 0x46f30000, 0x487c0000)
}
Event: 63.578 GC heap before
{Heap before GC invocations=20 (full 14):
 par new generation   total 314560K, used 17370K [0x047c0000, 0x19d10000, 0x19d10000)
  eden space 279616K,   4% used [0x047c0000, 0x05471e70, 0x158d0000)
  from space 34944K,  12% used [0x158d0000, 0x15d14c18, 0x17af0000)
  to   space 34944K,   0% used [0x17af0000, 0x17af0000, 0x19d10000)
 concurrent mark-sweep generation total 699072K, used 84476K [0x19d10000, 0x447c0000, 0x447c0000)
 concurrent-mark-sweep perm gen total 40384K, used 24265K [0x447c0000, 0x46f30000, 0x487c0000)
Event: 63.800 GC heap after
Heap after GC invocations=21 (full 15):
 par new generation   total 314560K, used 0K [0x047c0000, 0x19d10000, 0x19d10000)
  eden space 279616K,   0% used [0x047c0000, 0x047c0000, 0x158d0000)
  from space 34944K,   0% used [0x158d0000, 0x158d0000, 0x17af0000)
  to   space 34944K,   0% used [0x17af0000, 0x17af0000, 0x19d10000)
 concurrent mark-sweep generation total 699072K, used 85239K [0x19d10000, 0x447c0000, 0x447c0000)
 concurrent-mark-sweep perm gen total 40512K, used 24261K [0x447c0000, 0x46f50000, 0x487c0000)
}

