# JRE version: Java(TM) SE Runtime Environment (7.0_55-b13) (build 1.7.0_55-b13)
# Java VM: Java HotSpot(TM) Client VM (24.55-b03 mixed mode windows-x86 )
Heap
 par new generation   total 314560K, used 7149K [0x05180000, 0x1a6d0000, 0x1a6d0000)
  eden space 279616K,   2% used [0x05180000, 0x0587b790, 0x16290000)
  from space 34944K,   0% used [0x184b0000, 0x184b0000, 0x1a6d0000)
  to   space 34944K,   0% used [0x16290000, 0x16290000, 0x184b0000)
 concurrent mark-sweep generation total 699072K, used 83001K [0x1a6d0000, 0x45180000, 0x45180000)
 concurrent-mark-sweep perm gen total 40712K, used 24362K [0x45180000, 0x47942000, 0x49180000)
GC Heap History (10 events):
Event: 125.024 GC heap before
{Heap before GC invocations=19 (full 18):
 par new generation   total 314560K, used 287041K [0x05180000, 0x1a6d0000, 0x1a6d0000)
  eden space 279616K, 100% used [0x05180000, 0x16290000, 0x16290000)
  from space 34944K,  21% used [0x184b0000, 0x18bf0540, 0x1a6d0000)
  to   space 34944K,   0% used [0x16290000, 0x16290000, 0x184b0000)
 concurrent mark-sweep generation total 699072K, used 81509K [0x1a6d0000, 0x45180000, 0x45180000)
 concurrent-mark-sweep perm gen total 39608K, used 24348K [0x45180000, 0x4782e000, 0x49180000)
Event: 125.027 GC heap after
Heap after GC invocations=20 (full 18):
 par new generation   total 314560K, used 7312K [0x05180000, 0x1a6d0000, 0x1a6d0000)
  eden space 279616K,   0% used [0x05180000, 0x05180000, 0x16290000)
  from space 34944K,  20% used [0x16290000, 0x169b4088, 0x184b0000)
  to   space 34944K,   0% used [0x184b0000, 0x184b0000, 0x1a6d0000)
 concurrent mark-sweep generation total 699072K, used 81509K [0x1a6d0000, 0x45180000, 0x45180000)
 concurrent-mark-sweep perm gen total 39608K, used 24348K [0x45180000, 0x4782e000, 0x49180000)
}
Event: 132.460 GC heap before
{Heap before GC invocations=20 (full 18):
 par new generation   total 314560K, used 278386K [0x05180000, 0x1a6d0000, 0x1a6d0000)
  eden space 279616K,  96% used [0x05180000, 0x15a387b8, 0x16290000)
  from space 34944K,  20% used [0x16290000, 0x169b4088, 0x184b0000)
  to   space 34944K,   0% used [0x184b0000, 0x184b0000, 0x1a6d0000)
 concurrent mark-sweep generation total 699072K, used 77678K [0x1a6d0000, 0x45180000, 0x45180000)
 concurrent-mark-sweep perm gen total 40584K, used 24348K [0x45180000, 0x47922000, 0x49180000)
Event: 132.464 GC heap after
Heap after GC invocations=21 (full 18):
 par new generation   total 314560K, used 9397K [0x05180000, 0x1a6d0000, 0x1a6d0000)
  eden space 279616K,   0% used [0x05180000, 0x05180000, 0x16290000)
  from space 34944K,  26% used [0x184b0000, 0x18ddd448, 0x1a6d0000)
  to   space 34944K,   0% used [0x16290000, 0x16290000, 0x184b0000)
 concurrent mark-sweep generation total 699072K, used 77678K [0x1a6d0000, 0x45180000, 0x45180000)
 concurrent-mark-sweep perm gen total 40584K, used 24348K [0x45180000, 0x47922000, 0x49180000)
}
Event: 140.724 GC heap before
{Heap before GC invocations=21 (full 19):
 par new generation   total 314560K, used 289013K [0x05180000, 0x1a6d0000, 0x1a6d0000)
  eden space 279616K, 100% used [0x05180000, 0x16290000, 0x16290000)
  from space 34944K,  26% used [0x184b0000, 0x18ddd448, 0x1a6d0000)
  to   space 34944K,   0% used [0x16290000, 0x16290000, 0x184b0000)
 concurrent mark-sweep generation total 699072K, used 77678K [0x1a6d0000, 0x45180000, 0x45180000)
 concurrent-mark-sweep perm gen total 40584K, used 24348K [0x45180000, 0x47922000, 0x49180000)
Event: 140.727 GC heap after
Heap after GC invocations=22 (full 19):
 par new generation   total 314560K, used 8623K [0x05180000, 0x1a6d0000, 0x1a6d0000)
  eden space 279616K,   0% used [0x05180000, 0x05180000, 0x16290000)
  from space 34944K,  24% used [0x16290000, 0x16afbe40, 0x184b0000)
  to   space 34944K,   0% used [0x184b0000, 0x184b0000, 0x1a6d0000)
 concurrent mark-sweep generation total 699072K, used 77678K [0x1a6d0000, 0x45180000, 0x45180000)
 concurrent-mark-sweep perm gen total 40584K, used 24348K [0x45180000, 0x47922000, 0x49180000)
}
Event: 149.024 GC heap before
{Heap before GC invocations=22 (full 19):
 par new generation   total 314560K, used 288239K [0x05180000, 0x1a6d0000, 0x1a6d0000)
  eden space 279616K, 100% used [0x05180000, 0x16290000, 0x16290000)
  from space 34944K,  24% used [0x16290000, 0x16afbe40, 0x184b0000)
  to   space 34944K,   0% used [0x184b0000, 0x184b0000, 0x1a6d0000)
 concurrent mark-sweep generation total 699072K, used 77286K [0x1a6d0000, 0x45180000, 0x45180000)
 concurrent-mark-sweep perm gen total 40584K, used 24348K [0x45180000, 0x47922000, 0x49180000)
Event: 149.028 GC heap after
Heap after GC invocations=23 (full 19):
 par new generation   total 314560K, used 8836K [0x05180000, 0x1a6d0000, 0x1a6d0000)
  eden space 279616K,   0% used [0x05180000, 0x05180000, 0x16290000)
  from space 34944K,  25% used [0x184b0000, 0x18d51150, 0x1a6d0000)
  to   space 34944K,   0% used [0x16290000, 0x16290000, 0x184b0000)
 concurrent mark-sweep generation total 699072K, used 77286K [0x1a6d0000, 0x45180000, 0x45180000)
 concurrent-mark-sweep perm gen total 40584K, used 24348K [0x45180000, 0x47922000, 0x49180000)
}
Event: 157.672 GC heap before
{Heap before GC invocations=23 (full 20):
 par new generation   total 314560K, used 274735K [0x05180000, 0x1a6d0000, 0x1a6d0000)
  eden space 279616K,  95% used [0x05180000, 0x1552aaf0, 0x16290000)
  from space 34944K,  25% used [0x184b0000, 0x18d51150, 0x1a6d0000)
  to   space 34944K,   0% used [0x16290000, 0x16290000, 0x184b0000)
 concurrent mark-sweep generation total 699072K, used 77286K [0x1a6d0000, 0x45180000, 0x45180000)
 concurrent-mark-sweep perm gen total 40584K, used 24358K [0x45180000, 0x47922000, 0x49180000)
Event: 157.851 GC heap after
Heap after GC invocations=24 (full 21):
 par new generation   total 314560K, used 0K [0x05180000, 0x1a6d0000, 0x1a6d0000)
  eden space 279616K,   0% used [0x05180000, 0x05180000, 0x16290000)
  from space 34944K,   0% used [0x184b0000, 0x184b0000, 0x1a6d0000)
  to   space 34944K,   0% used [0x16290000, 0x16290000, 0x184b0000)
 concurrent mark-sweep generation total 699072K, used 83001K [0x1a6d0000, 0x45180000, 0x45180000)
 concurrent-mark-sweep perm gen total 40712K, used 24357K [0x45180000, 0x47942000, 0x49180000)
}

